24983
21241
85111
26551
28242
35999
40839
35071
26760
48420
24118
19941
57579
21881
18226
37740
23401
26642
30459
30461
19564
25739
68021
22422
34010
19263
22293
20336
26601
33438
35809
21737
28364
41175
51201
59890
40708
21384
47304
43521
24772
20659
73712
34747
32224
18621
30957
27400
22306
41010
41665
31485
84619
65713
38946
58426
25091
28915
57195
26746
19170
52085
61838
23910
25145
39265
35339
20464
35322
68317
33401
46304
25795
24346
30893
20062
78866
32418
36326
19643
21961
28542
58065
34548
31741
18497
33218
41910
19819
20134
22480
31244
25186
33596
35303
31761
26129
18926
39146
81672
45563
58003
24981
29647
19832
29643
24049
65798
27359
19517
59016
37526
26948
21146
20581
26084
20809
54715
29569
31194
61892
24825
41551
33787
27748
25577
30202
28261
32153
49967
53725
32962
21721
18794
32787
27803
51716
21795
40663
48809
46351
34875
25093
35962
61184
30355
27571
29310
35610
18952
24538
22618
28656
30266
24202
21751
18120
20113
31412
26042
35337
19980
58086
23193
26070
20543
50421
35964
31313
33015
36617
23206
38542
24261
31336
21160
25491
42115
28850
42939
30882
41335
25717
21403
29876
23082
47721
23522
50389
19721
21545
27125
45401
31056
32254
22855
21065
23492
22301
34806
46541
21230
29125
30583
24650
34238
22023
34843
19947
32583
47127
85422
33928
39354
36612
29286
32153
21075
28868
19118
21009
30316
19511
46562
35543
30675
28609
33998
31923
30008
19400
28488
35920
59219
31329
40081
34809
45215
35014
40316
27058
25772
22744
46796
35701
21243
50896
47364
39038
19663
63476
34427
40118
30664
22072
22774
30687
18934
19178
43287
50500
29575
42657
32086
38081
27340
27453
27871
22007
33390
26112
32440
19054
53161
25327
44286
36863
38743
26881
21020
34625
39636
31402
22513
18505
23116
23653
18337
25336
42865
19953
33185
26388
18519
42695
32352
50358
22436
27250
27014
47643
34525
24804
30997
67152
43560
25220
31256
57210
43112
63309
21384
29284
19730
19679
18444
18025
38186
22700
38613
21082
36157
45070
26388
46094
40092
83741
22992
48465
25145
20756
40600
28375
45033
24515
26794
52665
66823
27222
26586
33102
22003
30431
26703
19443
31992
22850
42324
25161
28424
25303
25085
57954
20957
39028
33742
64553
23203
23055
39900
17382
29264
41474
29000
23143
38837
19812
23830
40112
26413
23863
28552
20467
25173
22618
24320
26751
23644
32020
35750
30998
31601
26239
26218
24251
39511
22483
27913
34235
29005
46287
28387
56815
20236
20089
32032
17468
31768
42651
38548
25385
22910
21148
39342
28962
25561
68048
29300
22133
22390
48755
28895
23671
54384
77758
24219
19102
20391
27204
31340
37977
26524
44403
27148
29297
30778
33256
34286
69953
20787
30566
38419
20982
22169
30991
31541
20193
19276
24949
50095
31810
47538
51420
36357
32680
41621
31458
37331
50967
20484
25906
19610
31501
22052
20525
30872
22298
52207
26111
18229
27743
26272
47193
19843
52521
30327
22012
46280
20071
38584
50782
28089
33492
26878
31042
17998
21962
38770
30966
34577
48004
42288
19192
53054
36130
55186
21095
33937
44520
23123
25727
38131
19733
35214
22869
25402
19889
26568
25795
22081
23404
74927
48712
79080
25841
19924
21336
22341
20055
39221
18721
32102
32683
36207
34957
40635
25431
27968
18067
31540
52841
20581
36029
28847
55186
62567
24247
58008
37764
61545
51937
26793
37493
19227
35159
21573
21150
28452
24653
29552
28423
24918
66331
37683
36530
62034
29647
37091
83855
21602
21635
22114
25756
19988
33608
16730
28313
30127
23972
30209
45245
60764
40857
56770
16086
20445
25645
35069
26399
20181
33757
19028
20927
19943
34304
30540
38925
28093
24595
34079
22756
23238
28247
38365
20769
25178
45657
28420
40246
19564
38694
25650
19147
23329
21983
23372
27093
18503
35225
26379
48185
18801
25123
48681
41606
24115
26826
24125
20185
32371
24878
49228
23946
50421
28064
25609
37122
32262
87853
26513
22853
22081
26226
22814
27765
38482
30001
24743
27541
49883
45057
33310
20834
19747
61076
23241
20908
30555
34833
21181
24010
21152
32165
31436
19556
25253
27742
27085
32142
25321
19383
57307
22212
31664
36797
30398
44160
19249
32597
29829
17359
23447
24534
51784
28269
19110
24233
21408
40482
37834
24958
24879
34953
25133
28297
50019
26121
20865
29435
32967
55583
28996
46742
28093
33164
43206
26997
19658
21979
29963
25609
32475
29178
40237
25156
35793
35689
34771
23770
29956
26702
34128
22072
35045
24513
53211
23959
42031
44508
48809
47855
23263
31980
23575
30448
19672
28140
38031
92324
21617
58115
47882
34568
24061
44796
25345
33157
38437
25538
27030
20981
33215
36840
22327
36008
23599
18627
27857
32467
31035
38509
34616
20823
43441
53054
29099
24074
42726
21311
32568
46915
35627
27340
26355
20467
43371
20741
34398
36089
22907
86107
20274
51165
22529
41748
38899
19477
19158
30498
21269
21813
18361
26493
29308
20477
33050
20113
47304
19364
19410
24386
24460
24505
41313
24480
29005
26368
21159
22456
63410
18251
28499
20686
30142
32369
22511
37624
19941
30672
49709
35812
21868
25492
24508
24736
27806
33670
36631
30104
21068
33218
25093
37928
87527
29408
26771
21992
36731
25957
26949
49971
31318
36492
49106
30808
29333
20258
20865
41269
75383
39411
32076
43988
25921
29486
30286
25645
66898
51753
70234
19540
37458
85772
20181
44924
58075
27155
28146
62256
32766
27712
18435
22982
37720
31906
34624
58470
23562
19643
23783
29098
41914
26404
21883
22456
26221
27693
19192
74088
39221
46864
26810
19663
26068
47423
21868
22593
19819
36236
29870
37607
34933
47464
26998
47636
82180
76052
21285
45193
25476
82830
49962
30023
39796
22166
25182
17723
30065
22960
26730
38747
25034
26783
47800
36417
91048
31299
19562
32290
26750
70174
25025
23903
23711
35303
33544
21956
28893
36131
19319
26783
25922
31529
52111
46468
47298
23855
31216
39031
20427
63286
31877
42380
24828
40882
19264
23502
28146
27271
40780
35139
50957
40650
23708
22314
36192
19631
33477
18815
46510
30670
25017
23931
22421
22250
26285
41252
27239
23707
55857
27816
21578
23703
26363
31316
70801
18609
20353
56786
20600
26933
37349
40712
26282
32895
55386
38747
37010
35304
57437
17514
60350
75313
60248
33527
41071
26371
40774
33201
38385
38820
53420
19165
30846
22388
25321
28018
50287
18336
35564
23770
31900
25284
39361
29686
24076
23803
32881
29640
41881
22721
18412
22160
33329
39245
55995
34493
32864
27149
27151
23047
22851
24102
31353
19611
39098
41309
37423
87851
33855
44028
28163
22755
23883
34224
22894
32151
80124
26676
30823
23716
31426
20886
39493
33661
30864
26363
23938
21083
20462
36877
29595
22973
64205
37797
37348
47053
27340
21445
20074
30950
40355
23123
22361
99802
23311
42115
22782
22699
22006
30459
22782
18417
22463
20811
40897
25966
18370
27322
26871
47162
21710
18701
29488
22421
24846
60588
22458
50119
20185
24465
35033
26239
45055
44776
30541
21712
23695
28017
38024
30355
19934
20116
36874
19383
28004
26479
19729
41996
21015
31758
21335
32100
21977
43568
33693
16757
21745
23936
19192
29361
22917
23768
40232
33807
43792
20232
22922
21541
41595
35350
20981
17681
31607
45189
27440
37875
38636
36261
44793
23787
19395
39361
23403
37734
42582
33099
31959
25668
56612
66074
38833
24345
22665
24626
54215
29986
28214
24715
44942
25662
21724
30194
32507
32778
27471
62850
20586
55236
22817
34633
39872
23088
23985
39715
25789
22700
44974
32556
45459
29618
35430
22982
29034
25181
34706
35295
19502
24306
41252
34383
35496
35989
45324
22646
20462
27137
46693
26366
34841
19368
32829
30625
31027
37590
34440
49332
29247
36877
23647
55526
50179
42134
21023
33057
25315
91394
55634
76830
24525
61018
30394
21412
28271
24858
19356
35640
17907
26590
19059
36909
26272
20141
37496
21016
31792
35579
27686
19859
21286
26703
32598
27314
55102
23605
35429
69395
47938
19841
50479
44450
27082
20391
47455
40333
29795
21756
23682
40691
28968
36307
19191
27519
32305
41252
22322
19306
36744
20886
43977
45263
67920
25050
27430
52412
26793
27277
31906
19733
22421
31041
63834
26993
30362
50600
24188
27536
18909
30697
28666
41994
36563
21955
42118
23091
21697
37391
36840
20990
34548
45998
58602
17998
28261
30752
64109
55301
37784
47242
18327
17514
20686
31501
25472
24880
24665
22914
38040
28350
43159
23120
44776
30001
46068
27591
28313
30531
29934
26170
41723
25161
37824
41191
29611
91743
31254
20435
24291
39006
20670
30152
41173
22779
27890
53962
75455
23849
26178
28359
63193
23883
23289
32162
20165
22416
33589
29046
59505
34553
32020
46177
42375
22042
50690
23717
36025
23123
42687
19333
99030
21124
19192
80533
48796
19683
54079
34958
28671
22982
17116
40809
28766
22654
35601
18527
35235
20427
34178
22601
21972
40132
38507
84770
26959
60708
20380
29099
29002
36524
21841
58074
43988
25694
31947
28976
27458
18906
20462
54868
49192
27607
23811
38648
26448
36632
26135
53427
35905
39176
30448
56807
23219
72365
62972
24557
31469
36978
33742
55839
21262
32029
36608
33200
17116
36504
31353
38501
34400
41979
40701
29281
23754
30456
21503
57832
36212
23137
44436
28561
18226
24052
39954
22543
22360
25103
57462
17049
31656
22949
27664
22671
33796
37035
20712
23638
33297
23049
28147
24118
21881
38987
28475
79597
28432
23239
63180
34394
37668
23499
19492
22778
21083
34634
18178
37067
41466
25810
50061
21934
24534
30316
45741
23582
41433
27691
19327
17382
34633
51205
65944
18434
21710
21590
21617
37897
18779
23789
20643
27244
36625
37788
65949
71830
25278
30709
37729
17998
69005
24572
35628
27827
30327
27992
20245
33491
23590
35912
35358
36279
33981
29424
33978
21635
21690
22853
44491
94014
22119
27536
32404
31917
22583
52614
19754
22200
34734
45143
28976
32862
19577
34168
63635
24887
23590
21786
64061
37977
50772
74957
31168
20664
19239
19928
19783
30241
24017
24944
26937
32642
19589
28987
39710
28919
22787
30337
40144
33855
23510
23394
21881
23352
20475
32010
65460
38240
69307
52111
42496
17331
27481
25040
74407
27610
37246
18619
37200
41920
37768
29491
21047
52629
34451
46273
29113
31702
34841
29380
27522
21746
36085
21914
24545
24402
45572
51019
34563
30204
26088
18744
27959
28902
18251
41922
19480
22102
19643
55879
21500
21868
23303
36735
17406
37121
28769
18527
18646
31868
21431
45354
56565
21531
26808
20777
27751
27303
29400
22341
21036
33780
47446
17668
28058
29818
51867
31949
43061
37257
21565
66446
72452
30670
67571
25887
48609
56715
19277
23782
56833
23847
39796
20555
55185
37320
33384
24907
22427
23034
17995
25398
42886
21009
17597
20092
59013
25398
63830
38930
18118
19910
32768
36456
28265
56882
26573
20378
45457
20420
28654
24581
42614
27992
25078
29179
34040
41707
40803
26399
23838
43743
35908
22793
26164
40803
53962
55493
29028
20649
67994
28769
28946
61466
31288
75562
37284
20113
56350
33392
26396
83942
33753
23289
31587
51724
30152
22330
35084
85169
55011
33555
17897
43011
21766
21286
25051
28636
80343
21429
44028
40120
29665
76438
25500
19672
21668
27989
48849
71871
28986
43580
48771
37119
22163
24222
37166
24949
24679
22588
29460
50195
22625
24575
32392
60212
34164
27233
22589
20592
23715
29723
17587
32290
35880
27841
49642
27638
44130
58001
32497
20679
22208
46501
25753
29281
67753
49664
34024
19765
35889
28337
67816
36095
24263
25251
33693
30028
28900
63257
26142
26838
26564
33574
54215
32552
28291
24306
36261
24697
33968
40279
18625
39934
39176
46427
19677
23113
28991
38196
22966
21574
32794
26465
25150
25567
60825
20973
26229
37720
33857
31867
24404
66752
31986
35486
41573
65390
22622
44742
26472
33166
17952
25871
34940
27584
27190
41267
39916
26919
20219
37400
26562
40321
43961
31838
28608
77308
39154
46049
51245
48560
75642
40388
28580
27496
35852
26465
19083
27264
23215
23329
28968
28623
37442
24046
23447
32210
35944
23625
22312
58904
34633
46898
43536
18686
20071
24405
39888
23527
20908
22989
43558
24292
24602
43044
32914
29720
21769
26167
19536
30285
25798
31664
56478
65798
30660
42469
39882
32086
27058
20693
29416
26997
19729
17468
40426
44003
40459
21631
30700
30817
22115
93002
25575
19347
32755
24893
26011
31906
31840
43547
38071
29862
29550
22694
44077
52064
42606
42890
24683
18025
21043
26351
27099
34609
18050
17998
26055
17995
32735
27546
30352
18716
29217
34955
34496
27301
36846
36407
33774
30189
46550
18413
26534
51276
44250
21657
25318
27860
20440
43269
25421
49001
19312
34743
26093
21384
36839
20375
29441
21560
20743
39936
32452
55428
33218
82830
32052
67053
23727
21436
22501
32382
32460
27145
54298
19277
56445
42412
32112
19280
18037
20981
20592
33802
49044
31584
32716
19841
48520
35573
26561
78497
29675
22014
27860
37211
41842
44193
18361
24172
38202
18207
26229
21631
25382
32154
31841
30300
64190
36821
30971
21545
61442
19674
22155
19729
22007
25373
44017
23792
20856
24219
21730
58510
27129
37811
23586
28610
31622
29802
32299
31355
27816
20445
29276
40182
22690
32888
18713
48948
20666
33928
21697
19774
44111
29499
18572
32027
29105
24572
25580
32893
22958
29459
85393
45755
20564
33213
53428
31441
17597
22584
45324
47389
18014
38054
30004
27686
63558
35389
34398
35138
23175
40120
18293
18527
23055
89274
50357
21023
20241
71905
30102
33742
19893
27692
29975
21697
84289
51627
37154
44025
20204
25145
23115
19122
32775
22052
17070
24525
32693
49139
40112
38252
27751
37599
57078
18994
59349
34983
23555
59277
22563
33608
26042
32818
22807
25916
55343
23056
27304
75157
35573
23096
46049
80950
22913
33037
41761
20077
25539
25925
23913
19492
35076
24279
38561
19811
33432
30042
92051
37872
24759
58010
28012
36420
29746
25319
22972
28400
21319
22507
25486
32943
55749
31318
19339
31994
41902
19561
19480
31144
20536
48226
23192
22879
21868
20262
52422
26613
40228
22214
26253
22673
38673
55844
63346
38447
58101
22758
19480
20301
53206
30924
25697
17952
25275
23342
20232
19138
24375
35867
47093
27687
36246
33915
35803
30554
27384
20134
26153
43019
35851
30198
34407
25934
26765
43968
18434
57005
18655
57651
46943
40400
29863
27134
18713
27239
17998
30364
43331
21954
36276
21533
19556
23465
26697
24633
20682
40720
40029
24025
28976
20604
84579
31027
39354
22983
25072
31390
22538
38196
21138
28313
36992
26564
34928
24388
25480
24566
75945
22163
48349
21004
25941
29034
25098
22943
43487
28067
23198
41385
38047
46406
29132
23553
33647
43140
24513
23126
26059
23589
19480
36372
49316
40781
43256
19561
24853
25082
58272
64744
33813
33783
22907
24942
29705
27906
44668
22006
20137
31071
22273
32865
78127
24578
20743
34196
30930
44744
23298
39010
26573
73836
21988
21697
45055
21756
26049
37704
29134
42763
37323
32739
26359
26175
17382
22590
23192
29835
22258
39802
39888
16757
21954
67162
50410
20777
23495
32046
24162
31837
34941
23162
20739
35969
23698
55086
35096
27148
21075
22961
19227
40488
39633
22360
17718
41466
27341
18926
34656
31924
31008
41209
32261
26331
34192
59105
41284
22987
18852
20185
27429
37716
28968
22260
32838
25151
25724
20165
24545
34435
28074
38673
23756
23259
28341
43655
20869
31657
26704
26950
53962
18970
33860
21249
59869
24825
32915
33789
19250
21124
17382
31353
21813
22967
43077
26335
39441
18602
41633
36237
40809
19801
40507
38028
27364
31577
71914
26667
23962
33994
18755
47019
83406
21999
36122
46217
17688
23105
34634
42288
21912
24503
26961
44977
38715
31577
50469
69161
27921
34959
24348
19977
26479
19495
18495
38409
24452
19178
18838
22495
27871
40455
18994
24767
58822
34771
58968
23981
33033
19819
27880
33991
32158
19875
34516
53088
39800
38839
29486
17468
22522
30424
26644
29621
20556
22625
29249
38209
30362
21065
24051
31133
39644
41852
24454
20044
34977
31229
37718
28751
35441
27379
22756
21694
43021
21127
77079
31237
20617
21724
29109
27325
43973
19383
53934
34328
30738
25539
63257
28233
33094
74191
33710
41817
32184
25588
61906
28129
25727
31495
19643
20166
28350
48896
45466
41992
19749
34824
40048
66107
59983
21999
36980
43021
31572
29639
32556
45897
23320
20527
38907
25076
20686
38730
46091
38037
33887
31066
18840
20981
28634
22926
34819
21992
19552
50896
23128
47208
22258
20932
36237
20166
22355
20645
23522
41739
34915
24929
29449
17468
16549
35515
28338
88841
24812
24767
20186
23289
32723
18207
56490
53155
31532
22826
37869
40867
18859
27543
42822
18543
31994
37455
21009
29333
21860
28997
32705
71270
33318
64762
23338
26112
40406
25035
27777
25743
55188
17688
31290
38481
26242
35646
23730
23912
33745
21336
26152
37822
41868
33287
24461
22909
21286
20106
23712
20834
22282
23638
23908
34667
39940
36475
25435
21992
21073
20375
35652
18832
42391
31730
42438
37896
18327
32888
42606
26551
25824
22460
28151
23549
23605
31737
25906
44340
22495
27685
20958
29024
29497
21066
29034
45506
32125
31220
19900
20670
31244
41545
21545
40639
33442
25500
42754
19091
52470
18519
29249
18051
60499
65146
36797
25098
33174
41288
25572
29822
32057
25503
78467
18798
32417
20905
20748
17998
47187
28146
19079
20071
23280
29491
32400
42000
20813
21101
28344
25753
18760
21678
51370
30202
21665
27751
19564
20853
39959
49228
22301
28324
27239
28700
73093
25453
19977
32387
52431
33324
32909
23750
33488
21892
24097
24269
27588
17405
72875
19550
51308
45953
26835
20475
50688
23682
32480
63404
59314
23867
24513
31163
40302
34209
20586
24534
28464
56832
21285
20184
25340
67772
22183
21933
26566
33527
38464
20499
40895
32352
18205
27878
36573
41282
20063
25892
30531
50638
18747
23315
29575
21453
61759
33222
28900
20577
21522
34255
20134
21300
23020
21105
26872
34412
51775
22477
23777
28313
39056
22558
19932
30679
47877
19433
27966
32028
28803
35795
30949
25947
41302
19556
29766
28738
28496
21731
40632
41264
19511
23140
35876
22371
19501
27314
80420
33211
56435
36653
71468
24684
22391
25742
31281
25017
34952
25017
21545
17723
30346
24192
33193
29632
26805
24541
18014
23717
29206
20113
21806
40574
22755
56428
21988
44064
25037
19122
23748
35063
47659
47133
28811
23073
24743
51334
20693
25699
22501
22458
31898
44263
24777
27518
26859
48315
25481
21868
22184
26695
58797
21167
30032
31127
43594
27428
21250
48143
27124
24157
20386
23750
53210
53166
22254
38640
40182
21992
20649
43376
22390
23071
59250
23316
29326
26381
17579
22801
27242
42586
22810
49472
20477
21617
24487
22917
37153
19556
22467
32599
18997
55457
32206
23553
17116
25121
41521
41616
49507
31600
19227
44253
22417
34734
21605
33771
35126
19710
31977
31529
21331
32021
43255
20673
29976
18838
28321
43785
29304
30479
26937
29551
23712
20113
32846
29934
43717
22463
34247
69532
34718
31655
26717
28678
81672
20301
48925
26385
38213
34476
21043
21319
17855
51245
18336
29735
28561
28526
38899
32146
20828
23034
21124
18000
20232
70512
25156
21578
39651
49089
20193
30374
23115
18844
39743
24438
23118
20074
29208
43521
20895
37166
35826
21565
37339
52009
28642
27871
33556
59890
44456
22611
18442
49139
33423
28159
31882
20905
39570
25779
48094
22816
30467
24719
19945
24976
33925
27558
23112
38413
21075
35500
46927
40781
28803
38637
24092
24524
22844
30364
41550
38523
28974
58705
65866
32157
19746
28206
27961
33193
31779
19540
19710
27965
57327
70752
24277
36057
19333
46183
46805
18557
18842
61352
27887
20092
18115
36243
17995
26358
24805
35277
53780
21314
35527
56490
38651
26064
57060
28667
47829
26147
46518
20743
23285
30027
25957
41466
21855
52260
26744
23585
19091
30288
31533
23605
53714
20813
80343
56234
25739
53339
22973
19710
39347
47938
38048
27340
21992
27844
31067
48153
20380
19192
25319
48712
26215
27100
64658
33802
23387
36389
41466
20430
32865
22495
20865
43366
18891
26680
39478
34783
25166
44744
53504
30817
40920
32052
23583
18993
36388
30240
55308
17514
26061
29849
32206
24312
22217
17285
20581
21531
22870
75687
30443
21124
28269
21992
31716
21630
36269
17998
26016
17116
76498
26239
24525
39817
24046
26893
41217
61091
52665
22215
36601
24431
17514
19050
60229
22625
20921
53135
27602
20678
39364
28294
32460
33206
33768
22929
37823
17116
24672
29281
36586
94129
59168
60239
24981
20034
28321
20216
27530
24687
49180
35201
22779
32096
21970
33618
25739
21609
26937
20011
23903
50912
36222
91394
43887
27564
36184
29136
50508
29482
19819
32564
77308
32383
44474
38921
48767
19278
22570
21541
24388
22495
22472
35894
22231
34450
49018
24043
32864
18755
20455
24180
24538
71998
32813
52057
68349
25024
61062
33028
26572
39044
75627
22070
28112
31117
29096
28931
27746
42462
38278
23055
26695
36598
32251
33222
19923
26355
21105
19751
35997
27384
49075
30717
23306
19227
24324
37308
30956
17514
25093
27061
62709
24472
26930
32853
22756
40490
27685
53420
36863
33559
21015
33968
22317
24612
54462
26294
19371
21305
57860
23669
71999
33772
20078
33449
23682
36201
27311
23903
21955
35908
23592
25727
48154
21384
29092
29024
37776
39275
24405
21988
23405
62411
23522
22322
29120
29618
55076
34984
25002
25662
28048
72208
19721
40110
21540
24762
21273
48788
37893
37079
41447
26002
33837
20908
55006
18922
21754
20255
30515
23601
31938
27517
49594
56673
32531
36016
18716
19746
32665
29986
21954
27521
31923
23224
28502
26605
24043
36378
35726
18527
25964
48921
40144
64480
38711
21986
19556
78909
21952
25130
43622
20677
21319
40813
40601
49761
17359
20865
22768
31823
35046
32652
32365
31212
31974
24743
26170
27890
26649
24560
42743
37424
32839
24253
42459
24460
42456
30639
27987
38733
18413
28671
27688
21044
21240
68847
26838
48054
33917
40538
36821
43598
36191
35060
19087
58956
21504
48558
26743
60167
24523
22507
71809
48309
28691
24969
37698
23500
22851
22081
22744
24624
30972
52992
21602
20332
19149
21052
18794
35321
33127
33626
39475
59020
33053
52575
20932
22480
82505
30670
29333
27385
23772
19819
25249
33428
19492
27340
37360
43159
27913
18564
32611
23745
39367
53959
51334
27009
29494
23725
32333
26811
29195
60512
39218
64029
26375
20869
28902
21703
55148
43124
27645
36115
27913
27403
26064
23055
27870
39903
33618
58265
27294
34783
45593
44108
27693
18207
23432
32407
32991
24526
19383
21282
23047
17750
36475
26016
27998
25717
26652
19920
36777
19754
45333
19011
43205
53975
62294
29716
32830
25949
22969
72045
20467
30001
31793
21286
30294
19819
61052
32777
22403
54704
51522
67205
27518
20042
33237
22593
18068
44315
22341
36651
30668
28824
31297
21912
33319
68667
42329
25580
40065
26196
26531
27500
19385
35560
41424
17382
44818
34999
22119
27278
47710
32845
32221
45221
52052
38026
28622
23034
27585
42352
25226
23047
27103
22312
19079
30798
44260
32887
25088
21769
26465
26338
29416
31346
34076
34347
22463
28502
60180
76399
25370
18477
17998
31218
24940
18527
24607
19540
39896
62990
29331
22477
80211
35251
32333
22277
47404
29400
23275
37200
22742
41075
50003
19553
17998
43549
18982
30460
41380
19480
21948
24100
32381
25161
54416
27747
55826
23940
28072
33344
47896
23343
20144
71975
21390
43021
41269
36799
24404
55572
21202
22439
31432
61932
25085
19109
57978
28427
44931
27963
32096
26507
31853
28900
36625
21488
26521
17848
55786
38673
26840
20165
71498
24920
31148
30286
24975
22173
40677
24256
19928
44124
26357
35626
30326
24078
49223
53770
18322
24572
28620
31221
52401
34043
30082
35640
34083
26331
18557
18657
65237
36886
49018
19477
27299
26355
71041
55588
41173
18527
40272
27592
35907
37667
75322
19670
40689
19973
21426
22403
27898
19906
37221
25321
19002
26216
31947
20071
28265
27901
23849
41806
26160
20769
46516
31499
35255
20799
21786
41480
59493
34390
28072
42564
21044
37331
45143
29657
34563
27100
49816
20886
18747
49839
25316
49572
38797
41558
63090
59908
20908
29705
43900
24893
27067
22115
35410
53088
47492
35387
41283
28904
38547
47778
33693
25312
62689
62468
27900
21394
20137
26703
45891
25905
37901
33451
27011
17897
33014
28293
35997
29138
20074
46287
32598
34989
25170
41026
25549
22949
39871
31900
31255
27460
18025
25598
55659
38229
23901
19068
31469
27501
35211
33389
45210
52717
23083
28508
67089
51606
19164
20110
19498
18838
36799
46468
60103
28338
40050
22245
28269
24973
26747
24644
21419
31989
23424
44796
50156
60933
59983
40933
36469
82830
20232
27640
24041
23605
36134
63346
22096
21558
30334
18472
20988
42705
21307
18854
19906
25398
23205
26506
28520
22218
39287
38409
22215
35589
25091
26498
34464
23123
35892
26994
19076
27885
46842
27340
29624
52594
23178
21724
24215
19495
24598
28841
28991
24062
19685
17767
24341
21871
39252
28396
75923
30872
28112
19859
24525
18993
19971
34876
26110
62476
20957
34614
51467
23247
29034
34940
45994
23852
19836
28385
17468
78143
36531
28667
23125
22097
21870
37925
85144
38481
22950
26974
27990
49153
44859
27100
60556
27211
20236
22870
21763
20592
20299
21676
32680
56721
34783
17384
59027
20181
55343
21045
17998
24918
26965
91374
25148
17728
18050
20301
22372
28196
23132
43647
38323
22904
24045
23437
64170
31792
21594
47843
25685
19039
22910
22439
22801
18424
20486
32501
24230
34242
24117
24349
33328
25156
23326
30617
21988
48153
20414
28126
71051
34151
25731
69781
23705
26572
30115
19779
27394
28082
39796
35259
50167
48091
21000
45451
26774
38314
27616
24030
52230
46282
27489
32818
56252
28545
21580
33043
25125
30281
20992
41008
53166
31366
25871
64551
24476
25316
48409
24076
21635
25949
33032
35454
73134
20678
23792
30968
29471
22817
75539
91397
52724
30408
23284
46562
43521
28824
16780
19564
35661
27100
24924
22538
30479
27410
20302
28513
26342
19729
45497
23200
21324
18527
29963
22719
51625
28886
23512
49104
32517
57188
66143
37167
28893
17799
21962
54454
87050
27037
20903
40190
22625
32865
48921
22046
32395
22366
26336
20165
23209
20592
56896
30486
37384
47945
22073
26994
68554
33018
32910
22987
83167
33738
48615
30072
12476
21868
25743
17668
56000
22372
36731
27903
20380
24940
19091
38443
29333
39903
17995
22755
20111
27584
76059
37072
22109
45079
25076
54691
47264
31893
19556
19600
19091
23627
38983
40498
26209
20398
42031
32652
41718
48731
43699
20885
32195
27522
19780
36944
36187
41145
21039
76549
27364
18413
32762
25653
22649
36058
21449
23395
60221
49648
19154
43159
20137
38046
27080
25040
19780
35616
21912
21919
38437
42922
30460
57549
23537
33037
21261
55552
42955
19746
55657
27090
19910
23937
26459
28976
33255
23549
24951
48557
34325
27438
40972
33310
21285
24990
27874
18843
47596
22046
35676
28433
76239
17934
32985
32727
39031
23717
22000
20447
28741
19500
32373
23343
53031
33033
24233
36087
21525
26859
26448
24136
49229
20137
49735
19383
23849
19326
23892
41351
16102
33816
33070
19385
49180
34602
36810
20856
37973
51160
23126
41662
26229
34690
17514
19906
31456
28615
46282
22735
24412
38216
26800
33719
18358
38047
52414
32604
49516
20987
22014
48762
42538
34342
21044
25003
33130
19914
52178
26413
91935
58368
27490
22507
20221
36034
25741
20743
17468
29415
20165
28940
22917
21605
32373
29465
35271
20116
23590
26059
80081
28082
27252
21376
25567
37729
26169
19400
25378
29163
19459
26205
36508
33758
22442
21951
21883
27074
19786
22590
46267
22431
25321
21979
31469
37973
34052
25405
23967
18014
30246
19564
26623
19454
22046
28018
21769
23225
20137
34962
19357
28269
30585
32794
25390
27633
26378
23391
35045
26884
31619
69695
39401
23025
34088
38899
28752
20138
52484
34108
61048
19227
39069
31138
26028
54308
63163
30419
63097
21036
24001
38648
46596
61864
92923
29120
23544
48661
33985
27007
20960
56953
27598
27882
65813
24096
19556
36129
26291
40891
37200
23549
27158
21533
35917
46278
52575
38115
23639
23626
29659
32766
26142
33266
34450
18716
26613
29101
23742
19371
33093
30127
19294
30075
41489
22263
22910
43045
19225
23091
25661
38947
26564
40418
27637
32369
20271
19819
25303
22081
19600
21606
21769
21847
21286
25120
56406
22489
26456
32564
21724
58423
57510
66836
32970
27579
60817
27800
21376
26016
29758
25206
89251
35294
37200
34424
33582
23522
21042
18477
32263
58758
27661
72839
30688
22331
18826
35778
98392
30166
56537
30566
22919
22781
25642
25321
23884
23912
26136
25372
17468
20122
25038
31287
38643
30020
22012
24973
33046
17743
30172
43453
28193
19815
22851
30983
26676
76821
33751
73824
41009
40076
36018
32898
34621
26129
41707
61733
17764
22070
26272
31008
74987
21474
89010
43602
24447
21495
32330
23653
36651
38640
23123
40617
19770
34919
35771
21452
33626
31067
22477
34825
23522
30073
18627
29667
26793
46716
30172
23967
35771
44508
33222
39856
25999
23638
29794
50430
60254
56599
46540
27912
38332
20990
24268
42930
23583
31504
29172
29165
17587
26574
21395
20071
19922
18777
26015
24853
17737
44641
40677
35638
21066
37250
18361
34941
22251
22625
23801
62893
83721
35164
22783
24635
74007
31383
25602
32574
47062
34415
24431
19083
24084
20166
26368
36574
60611
21580
25924
21344
34785
28482
20948
20270
20071
71329
30459
22215
33621
43902
26022
25009
29908
29415
34604
32253
18118
28569
35112
19556
33066
67055
20298
38370
20021
20743
35581
23289
22288
23064
29880
22438
29667
48815
41381
25037
31232
28646
43286
27025
22192
53631
45231
18627
27184
34989
17116
48138
26242
25029
26081
48788
26561
31872
29723
37725
43520
25156
21580
19540
20990
21060
32896
52402
52554
37886
47752
30849
74967
26801
36787
40906
23447
20742
25053
34961
20631
42094
33984
27090
20589
35112
45979
50680
18508
20844
78801
27441
20948
33135
46177
26182
47046
32702
27613
19679
70101
43875
33614
29134
22081
75933
58426
22327
24635
22807
38931
47081
31771
22765
24358
30821
29699
38613
26946
20908
45553
36174
42016
23499
24870
30365
27611
21167
20417
39784
19083
29534
21454
20185
30505
26011
25145
29011
36795
27989
27277
30179
36303
62122
28112
27734
22001
19801
31726
23840
45079
23892
35395
30993
50424
23346
20993
43574
39948
20353
25502
35071
28781
19556
21483
20954
22744
20417
22909
22793
69065
29903
42993
28121
65650
28870
31085
23370
78458
19501
19980
21275
21286
26875
23443
31567
27340
37278
27898
24041
58018
56187
43647
19172
64991
20030
24161
33529
24475
37245
62633
30950
22961
20011
59282
21617
22920
21786
25278
23636
37215
30761
51748
24763
35429
35017
25795
17382
40104
18896
37770
28037
23569
34094
24356
22504
30174
27142
39508
22072
28622
23052
27445
23638
21009
20330
29725
38408
54876
20743
29769
26605
58385
26623
36990
28173
41744
23247
46761
25829
25198
52629
29979
64889
24650
23553
34061
31037
20542
19556
40347
17976
20677
25958
98556
64363
23285
45790
19108
36878
48059
25936
27643
24858
24895
32209
26826
39176
21963
29154
24808
20464
37814
22816
34734
37028
31926
48299
21753
25201
30346
22240
21663
23188
28129
18454
22756
21643
21995
18713
41106
63378
18497
32005
34902
24534
25462
54469
35579
70080
18361
45832
59191
42630
29239
35354
58101
20650
26950
28012
29990
22781
25742
36520
77865
23476
46195
50159
32096
21883
17514
19945
19708
68655
18361
22690
32162
22664
40343
43079
20030
33985
19779
31010
29975
21031
39277
68825
19407
36408
46146
36875
43008
34852
24864
24973
24404
37078
54130
23083
21838
22303
25964
39887
24973
26153
50163
27347
20079
29351
84716
21560
52492
28070
22625
22159
26623
40325
18472
20604
63169
38643
31058
70035
34307
79655
26215
40538
44948
37452
23904
19941
29794
33667
32163
25950
31513
23010
25650
39826
45060
24595
52224
19321
79628
37040
23580
26150
18882
24762
21000
25539
28159
18713
49664
24581
51810
21341
53975
61711
20232
24850
27631
39163
33569
24818
43045
22328
71669
17609
23279
41589
30479
22439
39773
31398
32599
40316
21927
35515
20908
41111
23602
35084
40635
37815
25038
23849
48914
20927
21528
19792
32932
25467
23562
29190
17197
21138
20799
27841
22273
32179
20416
38229
24480
31480
54092
37756
19867
20170
27925
87438
40038
66590
92605
21144
17998
40861
68027
40260
46197
22583
45604
21036
82698
36237
32060
22357
25350
18852
31587
31353
22950
28729
19819
41619
30453
27862
41311
28111
30559
31409
28706
19924
43159
38431
52011
56750
24710
23238
59777
57622
28227
37552
20221
45422
31924
44729
21999
20903
47835
32343
80466
32965
24219
48252
50184
19369
55250
27218
19819
87370
20057
20531
75657
17724
23391
18738
24329
26330
42486
36063
52393
22136
19371
44412
31989
30292
27045
40814
55718
20174
19059
26232
25188
20266
21912
30184
31920
37784
74022
29902
37724
25890
58435
57511
32155
24155
40666
29361
34281
32222
26165
49588
20835
18361
35337
55202
21184
36304
27093
41235
20592
27782
32718
37492
30217
18336
19480
28232
20071
41597
43736
46008
23113
20985
29970
52126
37261
36795
50492
22787
32650
25756
43113
19328
21300
41186
50913
23983
21046
21738
29533
32461
27778
19844
19218
46994
25727
18505
51354
35500
25319
28456
48092
26245
57871
52361
38414
57005
28090
19971
41129
26838
25091
19002
23967
24914
42361
29808
30732
21022
26872
36313
19204
24468
38777
35593
35976
24341
27429
19859
38154
25558
23575
36863
32991
23855
29992
29470
28655
40081
50680
43028
39034
17049
38213
20715
27358
29567
45002
28934
22081
19971
50495
22584
40090
39652
35905
25186
41239
24626
37314
23919
43994
41035
54462
32640
26515
27281
23849
18434
37263
35795
28775
39744
37151
19780
22352
23919
21582
34906
37724
24192
26239
72538
20186
31412
25303
39098
60377
24282
21438
23021
30345
19522
58368
21789
23582
40611
55631
38721
28099
22630
35403
48167
22850
27745
32346
56238
18173
21537
17952
18755
18993
27587
62872
37169
33360
22197
20865
19770
31867
75582
89594
37322
27699
30425
25270
32412
28552
47842
18010
50201
20011
23020
28495
40313
27264
18552
17899
40883
24495
23178
25922
48755
19774
41492
40256
19676
37045
30453
23777
27852
28242
23811
35382
31507
19861
41146
28161
24180
26291
24777
28634
19471
17998
20702
26501
23590
28605
40144
22096
21994
38090
44123
33574
61198
35141
21825
66446
23777
17737
50168
20193
40921
24626
35395
28724
33943
39821
30766
24571
93785
38419
20259
24673
24310
19195
26165
53902
19971
19540
37436
26042
44413
40183
30531
31836
22698
28926
58246
19050
32412
30383
27127
28552
35049
34717
41992
18527
32218
50680
31833
52575
30903
25213
22880
20301
57672
23822
21905
21384
35851
23510
31545
17633
30819
17998
27627
62189
25390
21429
28934
21332
18505
31821
43542
37725
33321
18048
25330
25587
19589
52009
24933
24196
73569
22081
30757
20193
28082
36584
33451
20301
38538
25589
19878
35223
30331
27491
22057
48615
55029
27555
23392
37979
20993
22264
45842
38671
26954
51881
29181
22477
30653
18370
41083
26990
48094
22648
43095
41839
73241
24007
28080
27473
27544
34963
18048
27893
19286
42648
26117
25947
33786
32029
65237
35936
26506
22698
21044
22269
25284
34931
48889
24684
22268
20071
29943
45441
35299
22891
43863
21887
27740
28549
26899
37946
27264
48505
25748
48598
61970
17723
33928
23671
65626
30360
20074
27644
27017
50086
24061
68181
25668
44602
26434
31402
21517
48091
47945
40774
22032
29392
46296
18667
36207
29281
19339
33193
21184
23057
40643
27058
44286
18543
30662
19227
42297
22320
34160
35934
65491
28241
34598
29948
30006
39475
22587
20756
22215
20510
46783
18726
31396
39068
20836
54360
48681
33757
93055
34487
29755
23581
28946
25812
34642
80044
33888
32269
34056
23757
19765
25924
25753
18779
30353
21769
19192
24289
32428
36276
31218
24635
48420
30391
33881
20592
23549
24375
30708
29134
47778
27598
29307
27806
33244
31584
39263
23662
31423
23407
22689
33712
40323
34547
20877
32273
21872
34098
21022
25673
17362
26968
55988
33560
37817
18757
42008
52031
41285
22668
18636
23107
21022
52849
32777
33858
18843
41119
17723
25741
23946
20630
29755
33871
33034
25276
67165
29400
29113
34185
21605
34466
30497
21600
47406
20748
61264
17764
23047
64749
24282
31190
21188
20895
19253
17723
16780
26967
37781
21955
23586
46010
22293
64129
22942
25299
46161
26968
23392
25937
23124
27671
26151
41737
18627
24070
25406
32371
23659
43467
23045
28684
21051
33164
25961
19138
35772
21249
36043
48735
22982
24769
31353
19906
19298
71434
48173
22734
20315
20617
44017
21786
32890
27935
32020
26840
54092
24381
36845
23105
32411
36623
39517
24572
18477
22200
17359
20756
35828
24626
38434
21113
17998
43602
33918
19384
21129
32142
59983
23193
31530
84244
22534
24044
29083
19533
27353
19992
25398
18207
27382
39164
51142
33284
22482
41327
43110
20872
35770
62427
26408
36562
27426
34077
35579
56578
35664
21799
32065
21221
20184
18361
38470
28742
18495
36640
19115
64034
20513
18838
38393
33015
21772
31952
17723
25441
20383
66874
33121
45257
35058
35494
26205
18505
22328
34287
29355
19059
26381
40405
34255
21893
20823
35780
24400
54632
22200
42084
26702
29734
21399
27063
24512
29363
24990
27947
23310
27216
23396
44620
22757
31758
33592
24061
24051
19216
31587
21605
42486
33965
28292
18994
31468
32628
40478
48558
25445
20271
21697
29542
29063
35439
31427
27061
25472
42024
58101
26026
34825
25148
36562
21596
33436
18360
26182
22625
51547
17998
59580
25609
40048
30697
39974
25098
22188
29798
28524
32155
32109
17406
22764
27282
18852
30282
33353
43192
19201
35567
36520
21001
29014
23627
54595
21261
34181
31202
21646
26994
58779
19253
37211
34728
41150
18838
17573
38101
29325
56530
42153
21710
56704
28305
36730
75760
22004
23455
23916
23381
21596
31618
29223
22578
28305
21841
18832
20589
26001
31856
51775
33968
32153
24050
20301
25741
26133
34379
21305
39198
19819
34224
31689
69953
38071
67235
27924
20869
17382
40803
28226
48921
17285
45478
22481
39163
44066
25548
21997
26234
23698
27909
26532
30915
22322
30428
23456
30625
19377
41130
27294
30869
37107
43212
28809
29388
30141
34433
33810
21868
35518
19414
18327
23112
28881
19941
38288
36025
41545
51649
32888
39279
72769
36239
24099
26680
33981
30015
19480
86988
35104
45031
35907
19480
42834
58907
30124
62965
34734
25587
46136
32271
56815
72046
21445
19227
93002
19333
37354
34823
27243
55945
31102
24767
27841
27218
23112
40080
29544
80880
33981
17514
18025
25303
38344
37365
22543
51978
40827
31166
24572
29260
40402
24951
27244
26239
37458
20973
32382
29439
19383
59607
27218
22173
20895
18505
24502
55928
27712
33043
22175
22912
50701
22483
29852
23118
22361
19264
40112
24572
24173
26092
31970
22276
28173
26165
19192
22035
25490
25864
99233
25743
45991
18543
29046
23586
26050
30286
37789
40910
24933
38206
39240
25091
19227
21868
23540
28179
23285
47812
36144
41066
23234
20361
24103
24679
43136
19942
30057
46693
33948
23117
19754
21605
24012
30461
36724
44359
20185
20386
26661
40076
67753
22600
32931
25301
34248
18523
28438
49269
42310
46121
37378
27925
17995
26329
32293
26115
20203
51334
20185
24572
28885
67921
52479
35255
20618
29934
34921
19824
47143
25166
47406
26551
47187
22577
45578
22035
18719
25511
23967
26893
21452
25361
35320
41492
30785
28849
47263
29042
24111
25957
34413
20477
54620
57605
47458
23994
72313
45623
21369
25398
26179
33775
23285
27218
19615
64463
25946
32789
55371
30767
56882
41003
19122
47310
24536
38338
37174
20307
24282
26011
27470
24697
41483
26670
50660
19037
23286
21955
20993
18294
20808
22630
24471
28496
22085
21436
26173
23125
26690
22690
25742
62104
36724
42152
34697
24176
38636
19253
28976
23808
39821
19477
21016
43521
23937
25668
26601
20932
34270
25741
52224
18207
43604
21523
58555
45974
30911
26657
34078
23884
20592
43487
22922
20232
22831
33360
16403
20905
24913
24755
42029
29577
62868
30834
22625
37399
25009
22328
33647
24116
42651
30286
21596
21912
24870
30069
31365
23555
31901
24807
31604
32595
34358
65559
40663
20666
23549
23540
28524
21988
40973
17514
20997
23782
52803
25960
27832
34943
19729
76029
29410
36085
35889
21001
30300
23022
48800
24841
18909
60136
30715
23344
76160
28530
58810
27089
26824
40872
23096
66116
30704
27628
52805
37456
17995
20193
42482
65429
22822
36355
25627
19251
18792
18242
47963
22372
18921
21479
26905
47238
19679
29264
38322
22842
53451
23392
19099
32578
35727
27025
44752
18452
59903
58028
22591
71832
22049
35783
41351
46197
33094
37406
37668
24100
37425
20644
22097
27595
40396
21009
30459
26494
19091
20380
87037
22922
32276
22307
18050
44236
29415
27910
78886
38872
20929
23160
45430
23726
26459
30388
25957
27246
21229
28374
23411
30988
27251
17995
33575
36331
23659
23653
30980
22686
66674
92876
27948
48436
47721
26831
47465
36795
22422
22477
24310
35759
36378
31264
25672
26861
21977
33428
32678
18952
23447
24211
36895
25054
35578
22215
19492
16885
27066
25480
23041
29603
24219
23282
34852
19059
55823
26713
23037
21085
50896
69814
19975
27190
27148
20979
26293
35747
46805
27602
23047
33569
36097
20185
19352
21402
21066
33530
18557
38012
59440
25580
21009
38551
23542
29653
18361
47843
21992
25249
46275
33241
38226
59164
30535
28129
28252
24525
20865
50200
40016
27608
19941
22229
32130
33438
40944
21954
58663
26231
48710
35108
39616
17514
40111
38098
29384
33579
40005
19721
23737
37664
19988
21871
23082
24680
76521
34052
24384
55185
48723
23489
37663
85169
24485
57785
22458
30634
19537
35474
44492
43352
24929
47944
54494
34738
23838
39415
23957
23378
54661
29313
21710
17116
30902
25833
21044
22494
33776
19237
23144
49619
31004
27399
36316
17995
33098
44164
41443
25861
37267
23441
32326
21044
34634
55798
55634
19774
24044
35174
43492
20592
25372
29055
58447
41197
20241
37166
20803
34940
74894
27925
21799
50747
28070
22379
21389
46975
19589
49673
61548
64062
38699
47382
38437
19836
26330
66107
20092
26524
48511
18852
26196
20387
32484
35339
37071
41928
25813
22914
24560
26263
44853
21184
31631
35454
22021
27442
50860
27382
25543
34115
27481
21809
28129
30057
46068
41821
35560
32353
43423
22224
32131
19483
40183
46083
23283
17514
20908
41213
17998
36724
21772
27840
26879
23195
33136
33877
33301
38308
58555
21249
38370
33596
24102
31794
31088
32547
17998
47876
23806
23396
33598
21044
22589
27438
32855
23449
22497
22391
84860
29532
56457
30922
54548
18624
29486
25435
21724
23343
54690
46716
60575
21607
39525
33165
17359
37043
28952
34052
44463
19012
27137
18828
42684
30617
38799
26461
56244
25936
45447
26094
57122
20836
21985
20794
33273
24341
19083
49735
32985
24513
44935
22859
29333
31927
33462
27738
25178
36704
59373
26296
46179
96478
28483
23105
22096
38862
22965
23211
25934
25499
23206
29239
30449
25099
20256
44878
29951
28838
21164
30615
20751
25205
64983
20207
42930
23447
35409
29190
46161
19079
52959
17514
21752
20271
31394
31255
27359
16780
21580
20865
27391
22926
61864
37157
72313
22285
27410
21108
27844
25815
29764
31103
18609
18264
18719
34752
53346
47485
19383
35774
65491
28462
18361
21972
30778
36985
25947
24572
18627
36897
29286
17998
24433
37910
29677
31354
20992
35061
51977
20902
43258
27937
23034
22208
21669
40147
31289
21675
38389
33423
21386
31880
64109
21431
33121
21039
44928
30991
18417
51879
19733
35367
51340
37784
20084
69747
44990
59229
21580
43986
30484
19978
92965
44448
36290
27264
20756
22499
22648
24480
49409
23557
21221
41061
29548
53935
20417
20948
19395
23025
45354
20226
21702
34293
20454
24244
56330
59458
21304
20905
22827
25076
28931
39958
24263
29913
45698
43144
23786
25209
26922
23521
24708
23326
22704
24779
43973
60476
36254
21203
27355
31624
32779
23542
21429
23118
52488
47372
46343
21954
32042
28785
36624
37832
34345
40619
23879
36866
46417
40107
23849
22757
28666
33129
49020
26432
39508
31952
52449
32453
22866
55286
20865
22472
19834
35726
61146
24724
59817
24119
46295
20476
26699
26176
23094
21912
36745
24329
46121
28959
26477
23238
31788
42865
18713
22165
31370
35579
21736
33708
42436
41229
23864
60137
38276
31216
25937
25070
32637
43355
18196
29046
20030
30560
52787
32640
30065
31224
22879
24614
64159
27871
42040
37332
19556
27716
32853
18716
73260
28159
31008
75208
22694
18984
17468
24983
38817
21580
19556
30222
22481
35059
31759
26386
23555
20941
29405
29429
30730
40186
53823
22755
24004
22215
26019
61532
24933
29802
48653
27403
24192
24277
37947
25642
21884
18207
67357
29617
24572
42662
16757
33334
23340
22136
26612
74915
39294
39744
27473
33438
67994
34372
36618
30266
21528
22215
27222
44819
27962
29501
31906
60661
21319
64419
38651
20085
34479
31689
32911
23289
21011
52482
53290
27096
45755
30398
21724
20987
27855
43563
21766
25127
41474
20513
70797
35450
27672
26713
26860
17713
32941
25077
21806
40988
27617
93964
22543
55399
42393
43171
25406
27840
37577
31057
26484
33172
30653
29011
17998
42017
52863
19943
31689
20420
22478
22000
41150
28675
23637
20631
23577
18859
23847
45755
58447
25402
19462
45668
21045
24871
36728
50179
22066
44023
39031
23021
23479
35430
44942
26717
64205
20134
26653
28112
17514
23522
64664
35874
18525
27175
26473
29551
31737
28843
33685
73016
55697
74159
30018
32643
52841
25608
33466
22513
63680
27155
22341
28055
27771
37113
21567
29131
24409
25048
32568
21101
36874
48349
22184
21992
25996
39245
25772
25043
21503
19517
30646
23481
18543
29986
22887
17285
89785
29771
39227
40204
26103
21665
24959
26838
29941
44420
96838
35112
31945
34483
23396
41516
32736
36069
35613
52498
30412
35503
37211
42409
27548
19480
26566
32816
79354
23693
19893
26241
27491
28017
47127
37155
24234
23343
29470
28046
28061
57511
35121
22875
18595
20929
25020
18889
22591
35229
16211
22826
21452
27643
48048
46110
28546
19400
43512
41636
51833
21580
31230
21431
79444
25558
25165
19149
22576
27479
29822
33258
20043
49216
32412
21044
30461
26573
19819
68581
19149
88200
37725
31179
25764
23878
32401
31336
51347
56134
27669
32830
25957
44746
28416
26229
32153
35825
17356
28189
30200
35577
20300
40152
34483
18050
28920
24844
21150
19395
36261
27959
28364
17998
21678
31789
19906
55045
63965
39133
18306
27555
18830
23684
21885
47703
22489
65077
43299
33758
28009
27434
51370
55413
21129
43683
28976
16709
37091
35739
26335
20134
28981
26004
18602
41385
27445
34415
21319
19897
20723
20905
24557
20589
28722
35168
43785
35187
21001
24560
21390
25476
19204
20092
53052
30774
27530
31008
41866
25822
24650
25726
69348
19271
26153
34963
43812
61269
29088
62034
40321
33121
18050
30435
35016
23338
18609
47258
24680
36160
21204
26765
26676
37233
36991
28821
69834
62882
21912
37586
22422
18327
67763
50690
30326
34115
41711
37833
37627
27359
21366
32834
22018
38196
24310
22052
21912
20743
36536
18595
26038
25020
30768
51333
30365
24767
34963
50223
22652
17998
41763
31035
31517
17468
27765
23840
31635
25462
21188
22782
36698
25159
28241
51228
19914
32886
20895
31545
78674
26717
26378
51797
46299
28199
32442
20203
39220
27913
17616
24656
24125
31559
24069
23021
23045
37624
46399
19900
74017
44752
29639
18274
39007
27806
20908
64034
32087
28196
18855
33801
26826
21022
28903
33757
64042
80877
22807
37683
35017
40064
72286
31882
24812
27536
41404
27744
35545
38179
21665
29857
31259
28060
30386
23500
20693
39056
21022
26524
36325
37653
22371
46334
20784
32296
17514
26320
72850
53769
22322
33446
40012
37203
24073
43743
18755
21181
71702
70104
26336
49472
58295
35863
34440
42280
33595
24880
20895
29751
52575
38854
25070
27447
28012
24501
18207
27142
59299
36501
42393
37441
40402
21564
22859
23501
71975
34955
29613
22372
49805
32879
51296
19856
19701
39018
17468
17711
34653
18472
43494
66184
50123
32291
29400
37504
17587
19239
26496
32496
28529
36326
37699
26822
49508
64715
23814
21661
30116
34984
21988
22181
19583
22584
25113
42590
17986
26544
32440
24160
21596
62329
41191
21884
22578
22982
28741
35155
26324
38715
57822
28269
17945
28012
29948
24973
28175
32153
61307
38229
17382
25557
27137
25790
19253
45213
26703
24598
30288
47777
40930
33664
18539
27553
28658
27910
40391
23892
35383
23638
40014
48305
40449
25427
21866
27197
20865
21612
35326
39059
19670
32388
38347
23641
25087
28105
20612
22853
23666
28247
19533
35268
44729
30416
52005
24578
19118
21418
46049
36146
25270
29376
50204
18780
29662
22018
27956
36003
24073
31578
57459
24676
24895
26764
45848
47857
22361
61880
22618
22322
23275
72365
50706
53749
33636
19076
31986
19729
33367
27921
41079
23395
75598
38613
21602
29941
25341
22245
20069
21698
47136
31379
22826
33593
27578
38904
32894
62633
43424
20011
31542
28734
22276
29475
24525
27282
51366
24688
36332
40158
29796
26998
20184
43706
51791
20856
32100
21065
19277
24261
44278
25861
23289
34850
47673
66831
43302
21786
24263
20797
31426
27303
62765
25849
57187
37249
29753
89889
28177
26607
35699
25030
24135
19702
45086
30282
35112
36087
28359
21565
27552
27843
18951
27412
33258
36520
25541
25040
40351
29265
21508
27148
62975
26793
41818
20766
48319
28173
17306
27721
20550
44209
21409
35337
19327
22704
34362
23283
26535
55002
21799
30222
40273
27354
39304
19339
25890
41918
21221
26129
19971
33823
22874
73197
43455
35255
43247
43367
18539
26906
43859
72024
39997
58820
35720
17998
28163
26702
31847
42398
63709
29755
32384
18078
31703
25029
33527
23370
37284
24178
24086
33023
59282
21200
48563
32830
28764
38225
39295
42157
20560
51211
22744
42695
39959
27402
25448
25460
27645
26826
67387
32652
26954
46644
23193
26531
21769
32401
36928
45974
29148
27066
26054
32021
16780
77046
25392
19468
21990
33506
41416
43163
29601
24230
34079
30477
37137
55607
41978
30951
21308
30774
25520
24652
19819
25249
24378
39131
35503
27294
29611
25694
16800
18207
43236
26704
31166
33466
21658
32253
44668
23002
30845
24378
32349
37099
32787
21883
19545
21575
22355
18716
22059
29033
27736
24688
29877
26055
20932
20592
21814
74902
23553
20301
22655
41009
36712
59842
30547
26026
26808
33101
35159
37740
27474
77278
89917
34196
46062
34101
30362
48921
20645
77177
30980
64814
30663
22587
88298
19110
24404
21184
25018
24263
20266
22801
17998
19552
20721
28061
34690
31813
30903
35997
26174
20948
27580
40781
33171
29333
34342
25580
37404
35670
46572
40613
37458
37327
32710
29790
58779
24626
32131
28016
22879
19045
57489
37435
39773
47704
44705
22750
20361
23239
21661
18609
22422
20440
26780
68285
39415
28524
59050
20686
24940
25247
25844
39783
18969
40507
35985
32615
38565
40840
44762
21602
31635
20947
23796
39884
24306
21395
34814
20266
19483
32411
18050
31823
18815
18770
51753
21991
33324
21635
19055
35036
52575
27693
41173
26642
18566
53216
41151
23381
25402
32125
27134
42094
18627
27182
18627
33746
29514
30374
41269
23285
22173
21972
34656
19758
30448
21665
19477
44287
24711
21573
52092
28892
42111
30251
28012
39979
22251
33298
24797
43699
34258
35548
29890
29886
40574
19141
28054
35005
38908
31487
34772
25038
22969
73068
31008
38002
29375
39921
36578
26793
45522
24157
23647
64789
42925
29815
41742
24600
20507
21152
25648
46652
27344
42632
21367
24392
25983
21985
23303
22264
25098
29921
45580
29244
26183
26586
57374
18933
28306
18627
21496
36186
28012
36992
32392
36114
19832
42640
21082
33039
18119
23924
20996
29429
20410
28212
71289
37078
76613
33310
57084
22312
23502
24830
21226
24073
23700
25861
35002
50534
62612
24581
46206
53153
43047
35403
38882
26110
22062
33490
81035
50913
48756
27838
33193
43481
67772
21617
20663
29880
24053
23241
17468
50154
56599
22215
67273
18794
85356
23619
23970
18543
32099
24671
35662
36658
24667
26281
30872
42664
47053
23668
33005
31586
19533
30858
27631
30434
32932
18922
24790
60618
22258
23284
24424
17116
30918
47183
41082
18933
57727
19083
20951
27375
26029
27699
32192
30057
68923
23234
35496
22590
18713
32565
24027
21533
22882
20455
17998
27359
21688
21753
21881
41930
19192
22052
38817
30649
30632
20071
37654
33749
20312
27645
38500
31872
43849
20068
35211
30617
44028
37469
24496
54548
29136
31665
51423
26395
41573
82517
25009
24229
49215
23908
50167
28530
29439
21977
32276
33311
52440
47928
28092
17855
26242
26170
59205
21843
39193
26440
53056
55370
31926
35318
40127
51923
38906
24234
25445
33121
28293
34027
21391
57139
23482
36710
28736
22807
31113
23149
43019
24630
25181
37129
38711
22625
62227
24187
74227
35771
24525
28615
30378
22253
33428
22907
26005
35553
20895
17468
22801
31027
36323
24687
21065
25690
34133
19912
33005
17587
21868
23555
21039
32130
40655
42050
19991
28895
23407
17406
26835
20007
20983
53858
28602
30090
27536
46151
17070
28331
20828
40972
68529
28817
63954
29062
23331
31013
34897
32851
26899
27319
56284
19819
29781
28304
63257
18299
19856
32469
27633
22611
39796
21256
18852
32180
41191
28750
24460
31574
22175
48371
26605
29921
75157
29491
20721
24242
38464
22495
22811
32253
30331
72029
38101
32819
44600
53405
26753
32046
20774
39176
25114
41924
33913
24188
26946
27871
27030
18557
22600
31008
32993
31565
39694
21140
19383
21044
32467
40803
50259
46092
29951
34476
23607
18495
81655
56612
27031
31034
21651
23082
38795
32431
26442
25996
33991
24581
33347
19670
17995
26165
28254
17116
20531
42149
18801
80276
25757
27373
19192
19186
32145
41092
19480
28327
40691
39323
30123
22278
34496
17907
32822
19778
40402
66000
33131
19845
21992
25670
44602
24154
35543
65429
27073
50570
52313
27631
18685
38747
29679
19813
18564
37384
24124
21752
41229
25058
23692
18413
18952
35429
29190
32727
39562
29019
37071
40789
40090
28012
76302
24977
23105
29410
35880
23538
42390
28112
59016
26448
22983
33172
76716
23456
19900
22489
36344
32395
19410
41916
22426
85253
21376
31697
33317
53088
19393
40178
49902
32157
31404
24952
24591
45617
32131
19326
18721
23560
22489
21246
35727
22007
26201
26871
19779
38723
21789
48557
21617
30821
52479
22494
35515
24117
26804
37324
18525
30116
23170
19914
47053
32467
29761
20126
22171
22982
18737
57613
38990
32820
48661
39267
20427
43849
27997
21184
33785
20927
68772
58430
23117
23537
40379
22812
28545
21772
58382
29283
20682
36304
23487
20256
18602
44962
26052
19774
33129
30776
32162
21159
52005
24177
20071
37572
23083
75025
34516
23394
28356
25247
51065
26148
48756
24409
62647
19562
44776
17737
36795
18655
39176
24261
25925
31656
30893
23224
54149
24140
43379
24597
29439
78674
35791
41026
30706
24857
26865
30429
28241
27406
47650
40287
37196
42361
20841
26672
28847
36041
19779
22713
32278
26840
23082
54868
32273
32582
18145
34828
64861
60888
31419
30818
71477
24759
38100
23673
35809
47412
32520
51488
58280
22902
29352
20071
35494
48527
48896
35192
19319
18497
33348
30661
43622
21434
30057
55371
37393
20380
27058
32287
37040
17879
23465
25275
35626
21637
30498
27382
33561
45941
43188
25126
24933
21648
20499
20973
19780
21206
77617
38623
18627
22184
26933
55572
32935
21323
22081
41402
27965
54229
65716
63445
19920
42687
30880
27598
36625
69287
41519
40673
32707
30474
21582
39252
33436
27402
35800
44263
18757
19563
26564
20412
26032
44620
24173
27311
44954
19326
44527
27898
22725
30036
18705
31456
20815
48340
38871
23459
25460
24163
60353
46761
43925
38862
22665
19562
42438
28148
25958
20515
22845
17998
30360
54389
31060
24178
27546
36799
33329
28654
33818
30308
49208
26017
29383
30560
30916
21395
28811
17593
25615
20141
20137
30924
54131
73653
32034
30517
28948
20733
26264
29865
19774
28714
20113
54921
18993
22590
71305
36765
20271
30497
20166
52265
28716
36485
26490
28720
37947
28924
28179
27501
50543
21580
27423
26360
30317
27685
28666
28099
23125
36944
53757
37854
27964
36485
56415
23754
19446
27913
24914
35195
27501
21023
37113
36417
29835
30075
19480
19383
64553
20766
33991
20743
51620
25270
32142
45257
76160
39237
18429
20084
30057
19192
61864
18442
53962
35305
25844
31076
56825
54410
44867
23338
96316
31353
36145
38449
28173
22857
46888
21769
27404
26884
29239
47264
20756
51751
40760
30208
18543
24705
52482
28090
24630
22775
55095
19054
23811
27580
30774
24463
21919
23240
82875
48849
20886
57117
36070
24984
42734
21402
42734
27027
26031
42269
19201
26084
30032
24225
33796
21407
17780
22690
25262
20808
27031
27691
20299
24580
50177
21184
19580
28024
19589
36384
21988
32179
26994
44336
26647
27367
38813
18527
51467
17995
35640
22273
21992
37349
21392
35327
40937
32604
23326
68044
40613
53749
50238
42586
21426
50613
48462
25340
32125
24647
20116
23047
26653
38449
24615
29568
82530
43044
28608
23710
31847
33182
26519
30453
27514
20303
26411
55949
20271
46545
24001
29033
60199
25050
31186
25727
21407
38514
23352
19533
50843
22383
26197
26991
22328
80117
28777
18336
48609
34358
28622
44332
39796
33557
73824
26909
32353
18716
52003
19083
24410
33223
26087
29030
27865
32257
35770
41636
30814
26056
20535
22062
26890
21563
26769
32395
26859
31792
26976
29916
18220
49515
34940
51622
18769
26108
36261
40518
30633
26318
29991
34641
28233
27543
44975
28095
20762
35474
77572
24304
18777
28694
28850
31313
22495
38207
27458
25124
23582
27522
28456
52561
47376
40047
40569
71669
29011
25650
77846
64495
24502
24502
24370
20895
41928
56569
80720
21545
25091
30429
19822
22801
28173
45642
27282
28691
34598
19729
21147
26881
34253
19708
28565
25299
22700
17995
25300
39466
18993
28822
24777
36107
32894
38288
52488
44999
39545
99211
44563
17514
51204
28090
26176
22992
30901
25497
26676
22231
29619
21868
27436
78886
77373
41664
19251
53611
45802
24592
27598
32676
30798
19118
30054
23931
25950
59672
23849
19894
22787
39683
31974
24556
26694
67583
24310
25849
38692
20950
24864
49302
43181
27716
19110
23016
29391
45744
34018
22770
28089
23647
22433
28724
34727
32552
25592
34663
23754
22578
33772
32407
26084
30391
21308
33327
29619
17998
22583
44173
20200
26968
41516
28305
19786
59589
20865
30292
20236
37929
21469
56721
22713
56861
25434
33266
32895
25340
16780
49020
18050
18509
38516
24436
21874
47008
28771
48751
37267
45475
17574
35597
23192
31756
43286
23185
38130
33502
31303
39980
36064
40272
23934
55301
27969
35339
20383
30703
54966
30104
24233
46687
22809
46844
70603
28173
19327
25125
24471
18616
37071
30345
48690
35097
59208
38258
47808
18738
21776
71468
33442
27312
23141
18461
28265
31550
19674
32873
22292
28099
30708
26708
37245
22655
39738
23395
23448
34407
25598
38101
23430
27751
19121
20686
22704
29821
24667
30661
92605
18713
22352
49229
35219
20312
30050
24684
45742
51912
86387
18733
24844
32403
31329
32040
24767
32511
20273
23549
25431
28887
20011
44068
23732
27643
22922
54535
18395
43569
66867
49572
38548
19733
42327
17116
41398
36608
44620
46105
30000
21707
24487
40728
25238
38101
19556
25205
50797
64078
21639
57210
36913
19132
40785
21992
32716
27246
20477
36746
28992
24578
22477
44702
29661
23483
48143
17995
28902
28706
23346
24578
24258
34688
46546
32970
25390
46618
18492
32475
26378
28850
46201
35962
20117
23309
40074
21988
39710
29333
29333
33072
68519
28095
35661
23329
37854
19891
20903
58507
34966
64163
23048
18948
29062
31071
27857
33994
46227
46657
21813
32675
36523
42949
21101
32870
20071
26201
32784
20172
28032
22891
57802
21105
25442
31215
43441
39961
18207
26949
22988
67779
32426
23391
18627
22360
22442
32505
27633
18713
21065
37811
29973
19076
17910
49143
22069
39986
22625
29747
33009
24857
27925
24381
26274
21772
34018
31313
33425
28046
30294
32154
58453
25842
23038
33816
30541
25070
33918
34248
38460
32226
18838
38025
18801
23054
37346
20117
19383
35540
31336
47672
24176
43934
18823
45193
26907
20193
37286
25067
21181
19477
28660
25017
42843
31453
42444
40272
33037
21500
35624
31315
22403
23732
39067
43521
20301
63207
41371
34563
47306
28339
43849
22590
28850
37973
26971
33701
23730
50715
42327
42573
37963
19079
68459
41180
24973
23326
24878
58350
47931
33797
23717
42674
19242
46939
29078
25569
27530
54542
34533
27182
21393
22456
25959
30668
27901
28391
47846
51222
18701
41597
75208
18564
19269
18838
36797
24343
41332
22839
59382
19845
28270
29868
19298
24351
23835
23056
32909
43723
38383
30627
19480
23510
27274
44010
28227
34128
24289
17587
25085
23241
19145
52249
19101
43262
25113
27231
78886
34524
37748
27391
39048
26397
31692
47531
17998
24247
17998
44914
33919
22300
23354
36585
26206
45522
82644
22155
19178
37828
19251
40852
38383
29995
57237
33061
31811
32350
27095
25717
40650
33945
28321
37462
35826
44180
16392
39988
22655
19182
30649
33968
54889
46749
30877
27804
40484
34382
25913
35204
87566
22960
36735
30486
35206
20592
40486
23103
27129
38496
37440
31013
27989
30776
17729
21319
44310
43547
29577
52317
27203
36089
45615
39921
23478
40143
21036
32130
16887
38269
26622
25563
27687
31974
55844
28669
18078
55471
32293
38736
47882
27458
20486
35243
21955
31486
35387
38440
43079
28122
33438
22477
28893
40576
30200
38504
41437
17514
34215
39574
36407
18214
28499
29720
27855
18313
31721
41262
18523
18505
30549
21498
39837
38522
45185
25797
23320
22793
35085
25359
41780
36504
24225
34764
24178
26312
57437
60388
19672
35558
62189
29005
28182
26755
18993
21424
29247
57462
30372
50194
24951
41035
26937
30472
24602
27980
31365
28247
29230
46050
21605
22256
41335
23200
38810
23088
20296
40405
29208
20464
26865
32797
21769
22456
17514
28937
76240
27643
33353
25589
85169
28716
85111
28227
19589
34318
21523
41337
31419
32490
34564
30460
24981
27720
26229
38040
48821
29191
21512
45000
26757
43601
38613
21396
17668
83741
18014
64752
43441
29632
67514
22294
27004
28946
26730
38301
51979
45568
32190
24294
34804
41886
27300
21678
33968
41327
28620
27232
48043
21696
32839
27885
48128
21611
28736
44003
22276
18602
27785
38613
66823
63848
18621
58948
30405
25490
27803
21265
32598
58779
21821
40742
30759
30550
35830
22059
32618
70907
32962
19562
43254
22907
17743
21139
23219
49029
63546
17116
23085
28561
26654
29375
40430
23843
24219
60898
21360
37246
38990
37291
31703
69355
45988
37174
19389
21733
31525
17382
34931
41354
19079
27785
24260
28617
22096
37827
43040
71019
21451
17899
19556
62972
43582
29699
19407
31013
31228
21789
45311
44236
56530
23029
32213
19091
36115
20315
41881
24119
24782
25751
28075
22444
19663
24341
19610
30617
47222
97288
42268
33879
18361
19861
19521
21137
39564
42083
41243
25890
25201
47118
31168
32628
19775
32441
48995
33745
36146
23915
43076
70542
22403
34037
26774
32184
26381
21619
31013
19647
23996
39290
32691
39412
34551
22074
26622
30949
23203
51527
26129
44755
29265
23107
29753
19132
27898
30699
23718
40535
23309
20417
38166
25038
23412
20271
47600
22001
56111
37433
32390
20380
35208
33505
18705
26564
22249
25697
34754
28959
30340
36468
27030
27095
29078
19845
35040
57836
55928
20535
26629
37071
31344
20993
33626
28734
20656
57370
52213
22332
38791
30294
32879
28687
22472
47448
19195
25284
22265
24388
26318
17468
35643
45212
24775
27148
29370
40178
33103
23705
20796
27698
21763
24521
20763
29454
23549
27643
26573
24103
33438
25258
48896
84862
28664
33099
45891
23969
20654
32000
53710
20174
28602
19533
46597
64439
49673
17070
27067
18085
83201
47003
36064
18719
24388
59024
40880
29005
24893
27503
31314
61981
22689
39130
28305
42104
24513
67984
20071
26142
18226
26774
28953
26568
61058
25185
37571
26622
25422
21868
18935
19889
61456
36258
35762
29136
23842
20071
25589
42269
41339
24646
41783
24341
62353
32669
26968
20898
18505
25270
54516
24564
18523
35434
27459
21661
46287
21036
24564
19672
18506
23549
32315
26554
26084
25127
46679
35044
29362
44715
27048
29104
28074
34574
33776
19795
30993
43262
35795
41605
30197
28515
32879
53491
67035
23239
44893
19615
28017
49035
68554
79383
22663
30288
91599
24647
29325
35946
49689
36187
25034
23503
40931
21354
60661
46229
19326
32800
31009
32226
28359
23360
36578
26971
22077
23188
17406
22610
31759
21733
34553
23577
34772
20331
34941
22352
27883
35064
67209
26221
26336
46245
21995
21868
26522
48133
44060
40313
28811
37231
34278
20762
25178
42530
74007
24192
18852
29790
43441
36945
19729
22166
38251
29990
29467
23553
20935
36877
58968
23265
27645
19832
40478
25497
21238
21590
21665
40920
20990
18564
43110
53667
29496
27643
31048
21045
44099
36568
34503
34487
24513
19718
28482
21185
36307
52716
54445
26548
57330
35526
24278
31076
24010
31295
26357
43988
20756
42115
23777
52115
38492
60459
30819
23522
59105
21138
22264
71051
55190
45726
27341
39796
33059
22428
61452
33781
34235
49288
27232
17121
23605
29668
21800
29364
66933
28390
32412
26993
31923
20844
29831
26447
31792
19508
45543
32532
36608
31313
20881
27653
21429
32478
22584
20069
38651
53211
30987
24950
36372
35925
19357
28014
25266
23693
58176
23394
23116
31263
21343
46129
23879
18525
22594
39570
40479
22583
60434
24157
23299
56269
16758
25511
50570
35980
33298
99030
44623
29534
17998
31170
37050
24374
32675
33664
18754
29265
20414
35788
26165
39046
49861
26282
52325
72831
20424
33561
47001
20405
29282
80124
19181
20787
69578
20933
29081
31281
20371
62882
35999
22438
29628
28963
40319
50838
22861
31140
47835
27375
29705
22584
23298
29148
28850
49063
19294
34078
54775
21955
67219
38699
30032
24042
25962
40317
34460
22949
20673
57407
49961
71975
18361
36691
32018
82875
20677
24172
55736
22336
34584
49471
31825
50809
23540
39046
25453
31950
26682
21559
23705
39574
40895
18434
18207
21356
38086
32153
32333
47337
38904
53661
22035
19556
41918
37928
32618
21789
28084
34616
21022
28743
18801
28496
23478
26325
46334
33258
28700
59058
22569
51724
21195
38672
88298
20842
34392
38064
28991
21449
67331
29533
25434
24096
72365
21935
20153
28655
48582
41633
20869
46639
22478
38896
26290
26182
19400
28124
30953
44147
28068
27345
25864
24752
46154
28196
23968
20990
27737
42412
19975
37023
33391
29246
30339
27633
33984
19179
20074
31466
32457
21684
26793
74719
43226
26554
41186
23708
24471
55583
20444
21995
47013
34755
29567
20232
47477
37691
24522
35277
62178
40572
28065
19192
64159
77143
31962
44456
26178
68863
33664
29246
23178
26771
25034
38109
28055
24857
34702
33574
29855
49758
55833
45935
39773
18454
22922
27015
37689
32802
17764
28173
25181
55188
25446
39576
46841
24621
19562
45044
23370
55638
45333
36138
19110
22967
32412
29353
28055
41239
32096
38090
67454
27061
32771
25248
54578
19533
22501
29178
20016
24837
28970
28716
25469
24478
35819
29416
35204
39508
45038
18361
21044
25340
32628
38952
28112
29505
21596
27871
27222
24010
63591
28399
24404
46385
22166
39564
29755
19841
19564
84860
21698
44837
34128
21642
34411
28946
23149
21500
28750
35152
47423
49215
17998
43649
25609
22941
40076
60699
17668
25438
30018
34633
30798
20643
26229
44143
21248
45604
42390
25145
38279
22614
23054
23802
19994
26647
25689
53052
43481
47220
33221
47138
66214
22322
24802
35250
33816
48252
20965
47775
26501
19097
23073
18564
49735
27243
19960
22035
44620
26117
44807
32075
31366
29002
36693
31466
26282
22327
35992
32806
22386
34330
19834
27519
41936
28903
50855
17728
40788
24694
55367
65126
17116
19333
25285
21675
27479
18413
19980
29769
59515
20900
29897
21199
31071
21197
17935
49223
29005
20996
48673
18497
28741
65822
19580
29667
39715
22796
46272
26050
25999
27101
62880
20977
40632
29570
34451
26874
29157
17803
23542
32618
62428
21868
37158
35962
22052
26826
27613
22622
27871
25688
41757
61211
34548
21065
23206
34274
22882
31196
26872
19954
22132
26875
19564
18564
48094
19059
27963
21199
19900
46823
65813
43604
17668
33101
42111
18358
25088
25092
31058
21020
35874
23883
31215
33585
19002
25269
24188
27649
53972
22854
30232
21634
21766
35931
22494
17771
35655
38551
35842
21431
29240
29470
25238
53831
35239
24163
49511
31980
33991
54999
42920
20116
22215
25902
70774
96478
20836
50572
18609
41416
18609
21646
26285
61256
39982
21559
49832
23754
28965
24907
80840
38914
38146
35403
26781
31575
42297
18574
67888
28418
35878
20528
22778
42644
68655
20241
38904
19199
21095
31721
23553
33716
41474
25188
24178
21788
18038
24760
62765
27111
21354
38186
60712
18719
18518
32911
30508
50338
42094
32854
23866
32411
20901
21540
30296
50913
26566
18120
21988
25875
25945
23494
32859
26909
32400
29400
19893
28496
52546
54631
22463
36422
23128
37313
57489
31853
32125
26229
18539
31008
39440
27898
19562
69052
51260
20106
20445
30757
19167
42095
27643
36428
41394
29059
44873
36424
37858
22327
19536
26659
49128
22281
22366
34192
39559
31412
38481
42599
54929
24770
78743
25088
42192
20185
27558
33215
24832
19383
73217
19357
27121
21144
22084
22072
28112
43750
64467
70361
30675
55093
36698
33304
33709
22212
91964
47527
58063
30197
19138
26783
22507
24040
32099
26401
23883
44872
22183
35980
39597
23936
19059
32937
23605
23326
23034
27263
34518
27589
33884
52011
55236
25472
18361
21678
38661
26352
23607
31936
48755
26601
32054
49805
21365
21737
76352
37653
42920
33033
61543
43423
36877
43822
36187
37471
36765
18004
30202
23931
33608
34758
23311
20412
36839
44946
32646
20232
18986
32847
32685
21567
28426
30584
53618
36024
47617
23122
31541
27108
19057
30744
31384
31737
30743
22982
29785
33258
41928
22352
47212
23462
20113
29151
39290
41473
49812
25819
24075
43679
37549
19497
54974
44290
31577
26143
92965
56664
40355
35927
29136
28265
34747
21282
21159
22481
22584
30431
29475
27403
36293
23820
32938
22918
21711
21159
27250
32694
58640
29333
34422
20759
29369
47835
41129
56420
34296
39263
20226
48248
29383
22231
37564
28655
26878
27364
51979
43366
47386
28660
32050
30364
32402
37166
21226
33160
20553
34131
51319
20375
18251
23840
22439
20108
32675
64139
21007
29662
30800
19079
22391
21580
51476
22273
20417
21776
24041
27016
21515
30153
33124
35613
43365
37591
42438
18214
22081
21323
22327
28946
31391
22831
32762
51159
34069
26770
24670
19250
25226
35670
19068
42475
30363
21872
29454
32052
27312
18249
22704
23967
46240
23010
76714
41232
28047
62943
20923
63318
33221
28179
22458
34405
22659
35181
49507
32119
46981
26868
20990
20165
29505
28881
21977
31467
32374
35089
21362
22245
36973
35772
23537
83810
20513
18063
17070
44914
27459
32253
40228
50539
19834
47258
33271
20604
21692
38284
19672
21250
25873
31379
23891
29677
22640
23037
26620
48213
24659
20889
31636
40691
24844
23169
46063
74602
40393
21809
26165
37403
49883
24567
33852
24647
31856
25833
52674
22386
44504
51891
21331
61720
25916
32630
29709
47186
34108
27684
27925
23806
58062
39900
35243
52845
41235
46177
91003
33801
29333
33760
21986
26495
35653
64789
42590
56382
73134
20037
27042
43261
52691
20116
35672
53372
21602
30363
25844
18337
50241
35242
26751
27937
21992
53549
37391
27508
22755
27219
24893
38601
36969
20643
24400
24144
18909
37670
32693
26522
26822
23884
21988
49108
30821
18543
19178
35724
20312
43024
21108
34258
21672
30106
22114
19492
37671
21240
32741
40168
37391
64011
34451
37325
27693
18728
31621
27061
29640
37910
29564
31768
32554
22910
24735
26676
17998
18787
31748
20071
26495
42665
38908
38842
27483
30789
38213
23082
60248
39979
31507
18812
47342
18576
40554
45992
34780
24553
53206
30731
37384
37469
23116
67065
41008
35689
23372
19181
31194
50179
19780
17998
36840
26310
29313
58217
37667
22875
42029
34400
26307
28527
39335
24422
18516
28666
19564
59640
48756
31753
36089
23056
24027
35383
21240
19589
21221
23253
18713
43195
21839
25680
24225
43178
49728
36809
18949
33304
20852
60401
21204
27960
27867
45708
17879
22755
38238
22992
19240
24341
27397
43045
42333
69594
23240
21617
24000
18495
30759
22365
37607
23682
19039
25098
27804
47762
27522
36475
44281
34326
41489
69114
26224
36020
33759
25453
20259
36276
48761
44438
41886
23553
38269
28407
27423
23993
39242
30600
21088
22750
30292
57010
38907
19832
26117
31088
23575
74227
27728
26068
22812
22418
40046
21988
89902
55852
22422
20563
43688
27514
31193
61989
40482
60802
31867
24888
57185
24989
17713
39554
62893
23354
35255
30477
46266
23537
34663
56825
24356
26819
17587
25446
19938
26320
21617
56411
20322
48173
28054
27582
20743
20428
50086
19280
22327
59496
23132
51427
27835
36777
26221
50430
41979
48409
47258
50542
21124
25544
35033
20278
28324
57351
58339
22544
33071
27885
52662
22909
42042
72587
25643
31751
32780
38047
33685
46419
62571
18025
27019
31924
19192
22372
60425
28674
22958
30894
39491
25130
38166
31532
30946
25098
23083
61856
19326
26052
17357
20475
33015
34131
25929
63718
24687
67561
20369
41101
26508
34688
23285
52423
36428
38971
25392
25849
27656
26401
34421
23590
45837
24805
30667
30453
29522
48182
33185
27029
27870
19819
24626
31549
20221
58062
29940
50473
28252
45056
25457
32273
61537
26874
32628
52556
22681
17116
24176
25922
43236
37437
20071
93150
21868
36535
40467
35441
24830
27558
31071
21697
25650
26328
48405
17526
30479
42531
33968
34897
28470
18646
37217
22003
30566
30254
50383
31369
20054
53910
50469
19449
29575
21698
30559
30355
36307
25461
29755
34772
57634
37552
26355
25029
30560
43988
23731
28266
65270
49749
17197
24743
28520
24846
46291
30600
23960
28269
22577
40484
26506
51244
28778
58430
30534
18838
38080
21591
21044
31574
20137
17995
20255
28115
25942
47931
36974
23517
42421
21159
30365
20240
25737
28931
47536
30474
28380
53257
35031
22166
56832
33430
27015
37975
19778
33746
26951
24075
40258
25078
19841
38994
19556
36169
45038
33979
22249
19138
35601
21075
25076
26998
21953
20387
45401
40965
42196
35572
34747
59167
34747
19377
31588
75926
59050
35727
48639
29934
25188
35527
51388
39914
23118
18519
50028
19779
18413
51697
21582
37200
41092
32762
27653
28861
23505
31587
46240
24115
28615
47285
68607
28721
89785
36129
59814
53484
61298
21045
27521
45079
30470
19227
18970
35233
25002
24129
29361
22807
43606
41095
43079
19729
25666
27507
74191
27005
19449
27390
31441
26695
20781
52992
35255
23927
26908
19250
38100
60837
42022
29611
33902
23527
27284
54058
29123
24496
42650
43117
20445
31618
22532
27184
31186
25609
28552
40090
46749
18243
22251
29570
41812
24513
29440
45746
44046
21654
21672
30347
41885
33664
26331
40409
28066
27855
63227
27341
52057
22517
37340
21963
32080
41148
44944
26671
20113
28699
22276
40280
30899
28095
37032
19971
21073
20386
25266
30461
18543
24074
76467
38043
23192
17116
21643
20455
29465
18143
37214
41083
33509
25098
20963
20047
36053
54340
23946
25659
32971
20040
19715
21648
23430
20487
28426
47418
37998
30170
71324
37235
22322
27195
23992
38530
28080
36822
21134
22495
33193
79383
43498
43264
30496
42135
36130
22926
28099
19138
28115
43601
23494
26139
28528
33014
29440
26416
24048
68123
31030
23896
37621
43699
22248
23343
32440
20523
23667
21988
25332
20908
21769
47242
51558
23934
29098
28046
27379
23863
30337
35759
27390
28012
27066
17848
25921
18378
24041
24652
29047
25580
52956
28877
56506
33975
27631
27577
22438
21221
47499
27114
21600
45021
23481
39168
29579
25180
21221
60358
47458
34211
32762
21015
20315
41804
22322
34296
25301
24464
29295
38433
18123
36944
37670
26622
39478
30883
32260
34319
40696
18207
34292
20743
47721
19886
23667
33575
33939
24760
33310
20116
24595
22442
21753
33751
45742
39898
52347
24647
75993
23881
28942
28673
54666
52805
28801
27816
31618
40247
19552
27011
39871
42094
40109
22771
31532
23510
60848
87953
31976
29523
30872
23060
36485
32716
24395
34412
18777
33319
21838
18621
25741
55661
34539
25947
39441
54413
24662
35171
57663
43790
27986
24973
41385
25220
20769
18335
40408
61864
19859
63260
35903
50084
25947
19778
37301
25014
29881
19875
26407
87809
42375
19320
41514
24234
37741
25303
47139
35557
71929
29908
33310
34821
26196
21855
28326
27341
49729
52055
19311
30434
32896
27015
81423
24409
30965
50024
37250
24093
37973
31060
23240
78279
84244
24148
23048
24047
50338
18737
32461
27187
20809
21742
26515
18251
29924
23338
28375
20188
27435
29167
27812
22119
26509
24377
43801
34807
21135
18564
23581
37105
21803
58368
21213
28716
70612
21577
35822
18434
32243
43044
23585
20895
29265
22778
27004
55823
33014
34771
61052
22480
17070
23577
21636
51204
66633
36944
32153
30566
25821
33853
27637
68811
22004
35640
20563
20948
42227
42427
27645
28956
27341
55371
30455
22188
49839
41265
18918
26614
28452
21105
19371
43598
20165
33951
24939
37776
28061
45979
59194
26535
24893
19886
33835
28751
85111
24424
48991
39023
25707
33636
24010
58057
36332
29024
25275
23178
26946
23812
33947
42606
20019
28588
23550
29800
36713
48327
26703
36644
39217
25561
22587
19091
21511
24911
24245
27148
62633
47418
24750
36428
23034
32618
37349
36168
21044
29120
40611
35894
24375
37469
48555
42890
21688
29198
42930
42152
28173
22472
29570
77097
41557
22361
22081
25916
50473
25702
34663
20106
37687
30448
26019
20477
46587
27672
32222
22922
26331
34734
31526
30606
23343
40311
26639
29687
24321
36590
39915
20583
20990
32257
21799
22729
35992
32471
37024
21814
45457
22168
20981
28464
21665
42922
60499
28207
26647
26826
26835
39420
20968
31619
23901
44385
23919
18335
64853
26637
56578
26003
21229
67700
22406
39166
22005
21993
22390
32628
26351
35441
18627
19540
24607
37499
30893
47389
26022
36069
19906
18389
22711
44565
29042
20981
20375
52253
26285
28012
27091
20835
22497
24679
31847
24767
37081
31228
32035
20383
46615
20743
22506
23404
31487
34354
27085
27114
62882
35763
41992
57871
25819
30144
27631
28903
18327
55407
29101
42388
24566
22296
28491
29963
31277
18801
19371
35174
19906
31245
37032
62407
39200
33033
44807
38711
31633
46220
18572
30093
17668
23835
30076
30169
26821
29657
27699
23690
29160
32643
20477
23532
20686
33026
27325
18264
35755
51445
21234
38795
21545
21866
41424
40127
25681
56435
24311
52473
51320
25136
35526
47331
24914
21007
20592
21756
32373
22859
54777
36714
28159
26515
25519
36705
21665
34080
68154
20739
26360
28478
21781
22543
30699
29667
25630
28259
28705
19245
21265
34809
22099
39216
22482
38047
26629
34734
30116
20193
18952
28865
36099
28331
47605
36147
33055
33677
25601
24202
25332
27441
24046
34633
20908
23437
27543
24679
26838
25099
24560
26326
43585
36145
32702
61047
23772
22173
22949
22869
76015
50109
39193
27913
20645
31414
36583
22081
36053
20414
19676
50515
35112
23892
24578
20137
50459
25887
17995
39569
37075
32578
78528
74158
25118
63517
29773
30488
31823
29297
25071
44405
44634
34644
20932
22009
28916
24973
46236
44589
27428
46518
33086
38142
25736
32629
68376
20566
25327
43521
47342
41535
24412
26151
34856
19946
54984
19395
19875
21847
50826
22215
37545
19528
26336
34870
18852
50263
28893
23811
35166
32351
32865
20998
31058
42920
44796
21745
39948
30412
17574
24077
23153
26020
28615
33574
34928
20842
75880
35772
38088
26979
48085
18557
27300
24249
23105
21412
22950
19819
32224
57785
21724
31924
17998
22517
19540
68345
25491
67753
24214
27244
19492
30807
20216
30845
29385
25587
28976
31102
34514
28666
19556
25859
19499
30744
23195
23863
26503
29401
30416
56425
34747
36944
18627
50287
22119
24312
21240
17609
30794
33240
24345
34690
28196
19400
45353
25246
46510
32081
38370
36403
56252
18472
33244
25997
21017
45108
57070
34115
25418
24102
23874
28266
52569
29246
32142
23105
21545
30821
34364
33125
33261
33451
20071
42535
20881
21552
25598
31683
41882
45069
50908
19643
22755
28951
22907
22035
27058
18543
31004
25699
35196
47529
20462
30102
47030
32281
36409
24319
32796
24888
47578
26564
55428
25418
80651
21661
22001
22200
18495
29005
36844
25276
42953
19181
30759
38542
27473
17406
35112
58995
22025
44003
24263
21533
24498
21088
19192
41558
20159
31242
44143
26899
58176
33811
55161
30179
43099
26546
19480
23209
19359
48755
31478
33107
28024
43602
41259
19480
26826
19327
34340
41130
23849
42276
23590
22973
31252
45701
76551
26717
18361
37641
18855
22922
74836
38899
44699
24730
22992
23732
28890
19383
32054
33988
34377
26234
23192
39777
27544
31981
24747
19227
22304
37807
27652
91767
84628
20686
27305
20360
56578
18621
28039
23096
36983
48457
30185
47575
48761
30065
16780
27840
27855
18760
17998
31333
59580
24777
18540
35992
33831
30429
18755
55258
37152
27249
20947
17116
34852
21635
18251
51015
19186
42083
25220
57805
20092
25608
21616
34514
22910
30405
21326
38558
30020
27627
25694
21616
37243
37725
30386
23310
20515
18523
22035
20869
21426
22562
43790
28559
22698
22041
34741
35819
24981
24048
41902
34067
25598
33378
32040
27148
57762
64363
43769
44965
36944
66344
35768
18918
21614
23045
45749
49183
48350
35434
43519
23070
29454
21492
20835
42606
25727
34283
19264
24676
19819
30178
21642
34891
18754
35840
30210
43521
31168
28952
22625
28090
33546
17986
19371
27777
28660
21098
19480
24866
20501
30384
28759
61545
17803
24341
67688
26872
36369
27643
37621
22804
31231
30075
25098
20185
38043
35605
24180
30178
28126
39974
41328
25945
18361
21651
40387
53133
20488
47307
55863
17668
23801
19662
51845
20867
33318
18472
23338
19561
26753
30266
20531
39744
41163
27602
33258
38437
38673
22758
42447
24296
24559
18993
26477
22215
74967
27050
29497
27299
41801
21286
28494
24445
64853
17587
25945
26198
19269
26413
56029
32254
30743
33355
42237
35181
35279
53026
27279
23306
52484
26401
27366
28162
26801
30617
53004
19670
29524
29325
21246
24015
59344
17357
32352
29819
19975
28539
30550
29010
18145
20836
33234
29991
43336
30474
22477
32389
31577
20977
37720
35572
24861
17998
19600
28012
49997
26473
87527
28688
33985
20440
23321
25443
19091
30320
64721
25969
22764
23855
25303
22907
75590
79434
36501
16780
55949
20869
34513
61639
23975
37977
18207
35640
65716
34809
26579
41269
33719
22596
48126
22059
49181
20165
36877
32096
22919
25673
19540
27243
29194
31055
30386
19397
46042
89869
28030
18557
38062
32683
26872
43620
24258
24710
21055
28666
32281
26967
40735
22910
22960
21390
41992
23605
61944
76549
84823
24920
18220
23250
22859
26695
37471
26522
30675
23343
30456
27623
17116
26239
20923
41229
42804
37605
43022
18303
24982
28322
47941
27816
33784
34399
97953
18834
43620
23071
38516
40178
32293
65927
22845
26024
30781
26320
19059
22949
24997
21464
30801
21531
51386
24052
34435
35653
21242
29970
19263
23849
44797
22454
31560
19552
50624
31414
40737
21884
29002
24014
20406
22513
33801
35905
43813
24752
31721
20071
44241
18993
27593
48453
21572
26872
29051
29667
19326
37324
34250
52699
38227
26903
30028
24345
33757
39489
30894
30522
24381
21605
44275
48921
39888
35196
35295
22845
29615
38258
19780
24525
33135
20542
37200
21600
24456
20895
29109
38202
17122
38525
32547
37972
28073
26514
19436
79221
40467
41812
61667
35434
36025
23472
31821
32153
42078
29924
17998
37424
33529
34657
53823
18852
23903
17116
28087
17587
40012
20461
20440
23908
31104
45060
26315
28423
22881
30698
38015
68208
54546
20380
20241
18986
20068
24811
26652
44307
30347
21991
71885
34521
23783
37108
24044
64024
25087
36025
44206
25180
21731
18226
28893
20298
42362
26856
23292
40944
43466
20865
37776
30505
33446
28388
22014
23311
29845
21066
27720
76116
20445
36189
20367
51910
35969
31878
29307
17382
22463
30415
28179
44726
24225
22215
21652
22000
33953
36098
36031
27325
44954
41327
29482
26330
63286
18737
45657
27430
28173
18566
33338
38449
17737
29582
31293
19674
34584
53016
33362
19556
25566
20892
32801
25868
27231
24480
19934
28623
20240
24560
28112
57620
18472
21043
26129
18226
25753
34911
32507
79434
22495
30639
44021
30359
57657
35947
24420
17803
25885
48896
62642
21434
47036
30364
20477
32783
27745
71905
27441
29802
27850
30116
21753
39420
19779
19954
24581
24557
29352
35795
40643
81994
29482
33998
39198
24767
21552
35239
27371
34636
27156
35522
26623
21753
44859
60471
23843
28462
27530
33355
24663
24584
28952
42440
51647
31914
26826
57496
22622
23409
39652
46103
30958
26068
24206
27364
32412
49139
24572
29415
24043
85722
28980
27924
24267
22301
32471
25906
28273
26968
21085
59276
25656
33124
28370
27602
31598
45737
35875
41424
49089
34852
33559
23704
24359
22052
27645
39769
35305
23737
43512
20301
20412
38210
21082
29172
23879
25334
42659
24804
33593
19556
26347
41351
22807
22115
23840
44297
88943
50844
26968
24981
21016
22077
28501
21286
18523
23198
18852
26389
22910
94354
54462
33476
19122
20193
19780
16709
29145
29418
23355
22256
31267
26084
64789
20474
20100
43247
37166
21202
23787
25397
26152
47855
33670
19110
24843
32976
35032
37027
29281
22499
32683
28375
29856
68770
25002
21545
40374
38383
24550
25775
25630
35676
21992
19150
21912
50392
38035
23730
36423
49207
45782
22052
30865
44458
38227
33751
31924
52731
19306
51526
40904
32467
24310
25251
27937
25038
28867
24582
31615
29665
28912
40768
22052
56050
21789
45159
29705
18229
20952
21988
40320
25589
36475
40402
44556
28159
34131
44343
63536
36323
33218
25398
85361
28852
42777
19054
23246
44873
33318
54280
26058
24306
27608
23861
61452
24981
19754
48089
30232
21665
20462
20391
24341
27219
33722
21789
48830
31369
28777
30453
34437
21596
53211
20996
32784
23238
19282
24048
19611
41053
24464
43798
25668
23192
45185
32894
43822
63362
30816
22479
35259
26407
22481
38192
27712
24261
35766
24707
31055
27746
37631
17468
20693
46864
46062
19500
27090
80255
24684
18922
31440
27490
67994
27421
25658
23607
20712
25037
54814
27813
40863
25500
22288
46299
65927
26212
32115
39086
24807
27214
24454
23197
17197
17514
64402
28924
58705
37776
28037
28887
30991
23455
45994
20331
25382
19543
39821
32135
19556
45556
24908
63680
20968
17998
