6 11 15 9664
16 13 15 6872
10 3 37 9498
2 17 14 4510
14 1 11 7383
20 15 27 8072
10 1 37 5856
15 5 27 1350
4 15 27 5314
19 3 8 1890
3 12 13 7970
15 12 27 9619
15 7 27 5494
19 4 13 3120
2 18 14 3982
3 11 13 266
8 14 13 4441
9 15 27 1920
16 17 15 3613
19 7 15 6096
6 20 15 2794
15 8 27 5449
10 12 37 6982
12 6 15 1019
10 10 0 1649
14 17 14 2398
7 18 15 3585
9 3 13 742
19 4 13 9403
16 15 27 8753
14 2 11 9866
1 16 15 1213
19 5 8 438
20 16 15 2039
6 7 15 3089
13 12 13 9935
3 7 15 9437
3 11 13 1962
17 9 14 6410
7 8 15 1500
10 3 37 6065
16 8 15 1902
13 9 13 597
13 8 13 9921
9 1 13 355
18 15 27 3189
14 17 14 3031
2 3 5 2030
5 7 15 7852
17 15 27 3451
15 11 27 1001
20 1 13 374
19 6 15 8917
12 12 0 6974
1 17 14 1663
3 2 5 4259
12 11 8 1147
1 14 11 3619
8 2 13 1180
19 18 14 4933
10 15 37 5740
2 16 15 7145
9 14 13 2955
2 17 14 1001
10 20 37 8252
6 20 15 7654
9 12 9 646
9 6 15 9773
7 4 15 1654
13 18 14 6411
13 14 11 3267
8 10 37 4263
5 4 13 5875
14 13 11 7705
15 12 27 9336
11 11 0 2776
8 15 27 3333
6 16 15 952
8 17 14 2593
13 12 13 2654
17 12 14 5609
15 7 27 8675
16 14 15 4108
8 15 27 1921
4 5 13 9778
9 19 13 7247
7 15 27 2865
15 17 27 217
7 5 15 7728
18 5 14 6716
14 7 15 9325
14 15 27 8333
14 4 13 5103
18 19 14 5852
20 4 11 6368
18 13 14 4112
20 17 14 2514
7 15 27 9185
12 12 0 204
20 3 13 7504
11 1 13 1296
8 13 13 5504
20 4 11 749
17 15 27 8919
3 6 15 4602
8 15 27 2210
5 2 2 3935
18 11 14 7895
1 9 13 5771
11 6 15 9997
3 12 13 4717
9 4 9 5886
4 19 13 9672
14 19 11 2169
1 11 13 5084
14 3 11 6358
6 6 0 6790
2 9 13 1323
17 12 14 25
2 7 15 9742
6 9 15 3151
20 14 13 5479
10 18 37 2623
20 6 15 3923
20 1 13 3656
20 18 14 7343
7 9 15 6204
2 8 13 9309
16 13 15 6790
5 4 13 517
11 9 9 6591
8 17 14 9298
12 6 15 6853
1 18 14 767
11 16 15 2715
20 12 11 7297
15 18 27 1047
11 4 8 4248
18 5 14 2584
